<?xml version="1.0" encoding="UTF-8"?>
<!-- Generated by org.testng.reporters.JUnitReportReporter -->
<testsuite hostname="Rekhas-MacBook-Pro.local" failures="0" tests="2" name="tests.LoginAndLogoutTest" time="3.335" errors="0" timestamp="2021-03-13T07:43:35 IST" skipped="0">
  <testcase classname="tests.LoginAndLogoutTest" name="Login" time="2.127"/>
  <system-out/>
  <testcase classname="tests.LoginAndLogoutTest" name="Logout" time="1.208"/>
  <system-out/>
</testsuite> <!-- tests.LoginAndLogoutTest -->
