<?xml version="1.0" encoding="UTF-8"?>
<!-- Generated by org.testng.reporters.JUnitReportReporter -->
<testsuite hostname="Rekhas-MacBook-Pro.local" failures="0" tests="1" name="tests.LoginAndLogoutTest" time="2.874" errors="0" timestamp="2021-03-09T11:26:18 IST" skipped="0">
  <testcase classname="tests.LoginAndLogoutTest" name="enterEmailPassword" time="2.874"/>
  <system-out/>
</testsuite> <!-- tests.LoginAndLogoutTest -->
