<?xml version="1.0" encoding="UTF-8"?>
<!-- Generated by org.testng.reporters.JUnitReportReporter -->
<testsuite hostname="Rekhas-MacBook-Pro.local" failures="0" tests="1" name="tests.ClearCartTest" time="6.665" errors="0" timestamp="2021-03-13T08:22:00 IST" skipped="0">
  <testcase classname="tests.ClearCartTest" name="clearCart" time="6.665"/>
  <system-out/>
</testsuite> <!-- tests.ClearCartTest -->
