<?xml version="1.0" encoding="UTF-8"?>
<!-- Generated by org.testng.reporters.JUnitReportReporter -->
<testsuite hostname="Rekhas-MacBook-Pro.local" failures="0" tests="2" name="tests.SearchProductTest" time="5.893" errors="0" timestamp="2021-03-13T08:22:00 IST" skipped="0">
  <testcase classname="tests.SearchProductTest" name="searchProduct" time="1.384"/>
  <system-out/>
  <testcase classname="tests.SearchProductTest" name="searchProduct" time="4.509"/>
  <system-out/>
</testsuite> <!-- tests.SearchProductTest -->
